[1.108s] Invoking command in '/home/konrad/Desktop/ROS2_Project/src/py_pubsub': PYTHONPATH=/home/konrad/Desktop/ROS2_Project/build/py_pubsub/prefix_override:/home/konrad/Desktop/ROS2_Project/install/py_pubsub/lib/python3.10/site-packages:${PYTHONPATH} /usr/bin/python3 setup.py egg_info --egg-base ../../build/py_pubsub build --build-base /home/konrad/Desktop/ROS2_Project/build/py_pubsub/build install --record /home/konrad/Desktop/ROS2_Project/build/py_pubsub/install.log --single-version-externally-managed
[1.463s] running egg_info
[1.463s] creating ../../build/py_pubsub/py_pubsub.egg-info
[1.474s] writing ../../build/py_pubsub/py_pubsub.egg-info/PKG-INFO
[1.474s] writing dependency_links to ../../build/py_pubsub/py_pubsub.egg-info/dependency_links.txt
[1.474s] writing entry points to ../../build/py_pubsub/py_pubsub.egg-info/entry_points.txt
[1.474s] writing requirements to ../../build/py_pubsub/py_pubsub.egg-info/requires.txt
[1.475s] writing top-level names to ../../build/py_pubsub/py_pubsub.egg-info/top_level.txt
[1.475s] writing manifest file '../../build/py_pubsub/py_pubsub.egg-info/SOURCES.txt'
[1.497s] reading manifest file '../../build/py_pubsub/py_pubsub.egg-info/SOURCES.txt'
[1.497s] writing manifest file '../../build/py_pubsub/py_pubsub.egg-info/SOURCES.txt'
[1.497s] running build
[1.497s] running build_py
[1.498s] creating /home/konrad/Desktop/ROS2_Project/build/py_pubsub/build
[1.498s] creating /home/konrad/Desktop/ROS2_Project/build/py_pubsub/build/lib
[1.498s] creating /home/konrad/Desktop/ROS2_Project/build/py_pubsub/build/lib/py_pubsub
[1.498s] copying py_pubsub/subscriber.py -> /home/konrad/Desktop/ROS2_Project/build/py_pubsub/build/lib/py_pubsub
[1.498s] copying py_pubsub/__init__.py -> /home/konrad/Desktop/ROS2_Project/build/py_pubsub/build/lib/py_pubsub
[1.498s] running install
[1.505s] /home/konrad/.local/lib/python3.10/site-packages/setuptools/command/install.py:34: SetuptoolsDeprecationWarning: setup.py install is deprecated. Use build and pip and other standards-based tools.
[1.505s]   warnings.warn(
[1.512s] running install_lib
[1.524s] creating /home/konrad/Desktop/ROS2_Project/install/py_pubsub/lib/python3.10/site-packages/py_pubsub
[1.524s] copying /home/konrad/Desktop/ROS2_Project/build/py_pubsub/build/lib/py_pubsub/subscriber.py -> /home/konrad/Desktop/ROS2_Project/install/py_pubsub/lib/python3.10/site-packages/py_pubsub
[1.524s] copying /home/konrad/Desktop/ROS2_Project/build/py_pubsub/build/lib/py_pubsub/__init__.py -> /home/konrad/Desktop/ROS2_Project/install/py_pubsub/lib/python3.10/site-packages/py_pubsub
[1.524s] byte-compiling /home/konrad/Desktop/ROS2_Project/install/py_pubsub/lib/python3.10/site-packages/py_pubsub/subscriber.py to subscriber.cpython-310.pyc
[1.525s] byte-compiling /home/konrad/Desktop/ROS2_Project/install/py_pubsub/lib/python3.10/site-packages/py_pubsub/__init__.py to __init__.cpython-310.pyc
[1.525s] running install_data
[1.537s] creating /home/konrad/Desktop/ROS2_Project/install/py_pubsub/share/ament_index
[1.537s] creating /home/konrad/Desktop/ROS2_Project/install/py_pubsub/share/ament_index/resource_index
[1.537s] creating /home/konrad/Desktop/ROS2_Project/install/py_pubsub/share/ament_index/resource_index/packages
[1.537s] copying resource/py_pubsub -> /home/konrad/Desktop/ROS2_Project/install/py_pubsub/share/ament_index/resource_index/packages
[1.538s] copying package.xml -> /home/konrad/Desktop/ROS2_Project/install/py_pubsub/share/py_pubsub
[1.538s] running install_egg_info
[1.550s] Copying ../../build/py_pubsub/py_pubsub.egg-info to /home/konrad/Desktop/ROS2_Project/install/py_pubsub/lib/python3.10/site-packages/py_pubsub-0.0.0-py3.10.egg-info
[1.551s] running install_scripts
[1.612s] Installing listener script to /home/konrad/Desktop/ROS2_Project/install/py_pubsub/lib/py_pubsub
[1.612s] writing list of installed files to '/home/konrad/Desktop/ROS2_Project/build/py_pubsub/install.log'
[1.639s] Invoked command in '/home/konrad/Desktop/ROS2_Project/src/py_pubsub' returned '0': PYTHONPATH=/home/konrad/Desktop/ROS2_Project/build/py_pubsub/prefix_override:/home/konrad/Desktop/ROS2_Project/install/py_pubsub/lib/python3.10/site-packages:${PYTHONPATH} /usr/bin/python3 setup.py egg_info --egg-base ../../build/py_pubsub build --build-base /home/konrad/Desktop/ROS2_Project/build/py_pubsub/build install --record /home/konrad/Desktop/ROS2_Project/build/py_pubsub/install.log --single-version-externally-managed
