[0.992s] Invoking command in '/home/konrad/Desktop/ROS2_Project/src/py_pubsub': PYTHONPATH=/home/konrad/Desktop/ROS2_Project/build/py_pubsub/prefix_override:/home/konrad/Desktop/ROS2_Project/install/py_pubsub/lib/python3.10/site-packages:${PYTHONPATH} /usr/bin/python3 setup.py egg_info --egg-base ../../build/py_pubsub build --build-base /home/konrad/Desktop/ROS2_Project/build/py_pubsub/build install --record /home/konrad/Desktop/ROS2_Project/build/py_pubsub/install.log --single-version-externally-managed
[1.337s] running egg_info
[1.348s] writing ../../build/py_pubsub/py_pubsub.egg-info/PKG-INFO
[1.349s] writing dependency_links to ../../build/py_pubsub/py_pubsub.egg-info/dependency_links.txt
[1.349s] writing entry points to ../../build/py_pubsub/py_pubsub.egg-info/entry_points.txt
[1.349s] writing requirements to ../../build/py_pubsub/py_pubsub.egg-info/requires.txt
[1.349s] writing top-level names to ../../build/py_pubsub/py_pubsub.egg-info/top_level.txt
[1.390s] reading manifest file '../../build/py_pubsub/py_pubsub.egg-info/SOURCES.txt'
[1.391s] writing manifest file '../../build/py_pubsub/py_pubsub.egg-info/SOURCES.txt'
[1.391s] running build
[1.392s] running build_py
[1.392s] running install
[1.392s] /home/konrad/.local/lib/python3.10/site-packages/setuptools/command/install.py:34: SetuptoolsDeprecationWarning: setup.py install is deprecated. Use build and pip and other standards-based tools.
[1.392s]   warnings.warn(
[1.400s] running install_lib
[1.414s] running install_data
[1.425s] running install_egg_info
[1.438s] removing '/home/konrad/Desktop/ROS2_Project/install/py_pubsub/lib/python3.10/site-packages/py_pubsub-0.0.0-py3.10.egg-info' (and everything under it)
[1.439s] Copying ../../build/py_pubsub/py_pubsub.egg-info to /home/konrad/Desktop/ROS2_Project/install/py_pubsub/lib/python3.10/site-packages/py_pubsub-0.0.0-py3.10.egg-info
[1.439s] running install_scripts
[1.506s] Installing listener script to /home/konrad/Desktop/ROS2_Project/install/py_pubsub/lib/py_pubsub
[1.506s] writing list of installed files to '/home/konrad/Desktop/ROS2_Project/build/py_pubsub/install.log'
[1.536s] Invoked command in '/home/konrad/Desktop/ROS2_Project/src/py_pubsub' returned '0': PYTHONPATH=/home/konrad/Desktop/ROS2_Project/build/py_pubsub/prefix_override:/home/konrad/Desktop/ROS2_Project/install/py_pubsub/lib/python3.10/site-packages:${PYTHONPATH} /usr/bin/python3 setup.py egg_info --egg-base ../../build/py_pubsub build --build-base /home/konrad/Desktop/ROS2_Project/build/py_pubsub/build install --record /home/konrad/Desktop/ROS2_Project/build/py_pubsub/install.log --single-version-externally-managed
