[0.972s] Invoking command in '/home/konrad/Desktop/ROS2_Project/src/py_pubsub': PYTHONPATH=/home/konrad/Desktop/ROS2_Project/build/py_pubsub/prefix_override:/home/konrad/Desktop/ROS2_Project/install/py_pubsub/lib/python3.10/site-packages:${PYTHONPATH} /usr/bin/python3 setup.py egg_info --egg-base ../../build/py_pubsub build --build-base /home/konrad/Desktop/ROS2_Project/build/py_pubsub/build install --record /home/konrad/Desktop/ROS2_Project/build/py_pubsub/install.log --single-version-externally-managed
[1.349s] running egg_info
[1.350s] creating ../../build/py_pubsub/py_pubsub.egg-info
[1.361s] writing ../../build/py_pubsub/py_pubsub.egg-info/PKG-INFO
[1.361s] writing dependency_links to ../../build/py_pubsub/py_pubsub.egg-info/dependency_links.txt
[1.361s] writing entry points to ../../build/py_pubsub/py_pubsub.egg-info/entry_points.txt
[1.361s] writing requirements to ../../build/py_pubsub/py_pubsub.egg-info/requires.txt
[1.361s] writing top-level names to ../../build/py_pubsub/py_pubsub.egg-info/top_level.txt
[1.361s] writing manifest file '../../build/py_pubsub/py_pubsub.egg-info/SOURCES.txt'
[1.384s] reading manifest file '../../build/py_pubsub/py_pubsub.egg-info/SOURCES.txt'
[1.385s] writing manifest file '../../build/py_pubsub/py_pubsub.egg-info/SOURCES.txt'
[1.386s] running build
[1.386s] running build_py
[1.386s] creating /home/konrad/Desktop/ROS2_Project/build/py_pubsub/build
[1.386s] creating /home/konrad/Desktop/ROS2_Project/build/py_pubsub/build/lib
[1.386s] creating /home/konrad/Desktop/ROS2_Project/build/py_pubsub/build/lib/py_pubsub
[1.386s] copying py_pubsub/publisher.py -> /home/konrad/Desktop/ROS2_Project/build/py_pubsub/build/lib/py_pubsub
[1.386s] copying py_pubsub/__init__.py -> /home/konrad/Desktop/ROS2_Project/build/py_pubsub/build/lib/py_pubsub
[1.386s] running install
[1.387s] /home/konrad/.local/lib/python3.10/site-packages/setuptools/command/install.py:34: SetuptoolsDeprecationWarning: setup.py install is deprecated. Use build and pip and other standards-based tools.
[1.387s]   warnings.warn(
[1.394s] running install_lib
[1.406s] creating /home/konrad/Desktop/ROS2_Project/install/py_pubsub/lib/python3.10/site-packages/py_pubsub
[1.406s] copying /home/konrad/Desktop/ROS2_Project/build/py_pubsub/build/lib/py_pubsub/publisher.py -> /home/konrad/Desktop/ROS2_Project/install/py_pubsub/lib/python3.10/site-packages/py_pubsub
[1.406s] copying /home/konrad/Desktop/ROS2_Project/build/py_pubsub/build/lib/py_pubsub/__init__.py -> /home/konrad/Desktop/ROS2_Project/install/py_pubsub/lib/python3.10/site-packages/py_pubsub
[1.406s] byte-compiling /home/konrad/Desktop/ROS2_Project/install/py_pubsub/lib/python3.10/site-packages/py_pubsub/publisher.py to publisher.cpython-310.pyc
[1.407s] byte-compiling /home/konrad/Desktop/ROS2_Project/install/py_pubsub/lib/python3.10/site-packages/py_pubsub/__init__.py to __init__.cpython-310.pyc
[1.407s] running install_data
[1.417s] running install_egg_info
[1.429s] Copying ../../build/py_pubsub/py_pubsub.egg-info to /home/konrad/Desktop/ROS2_Project/install/py_pubsub/lib/python3.10/site-packages/py_pubsub-0.0.0-py3.10.egg-info
[1.430s] running install_scripts
[1.501s] Installing draw_circle script to /home/konrad/Desktop/ROS2_Project/install/py_pubsub/lib/py_pubsub
[1.501s] writing list of installed files to '/home/konrad/Desktop/ROS2_Project/build/py_pubsub/install.log'
[1.549s] Invoked command in '/home/konrad/Desktop/ROS2_Project/src/py_pubsub' returned '0': PYTHONPATH=/home/konrad/Desktop/ROS2_Project/build/py_pubsub/prefix_override:/home/konrad/Desktop/ROS2_Project/install/py_pubsub/lib/python3.10/site-packages:${PYTHONPATH} /usr/bin/python3 setup.py egg_info --egg-base ../../build/py_pubsub build --build-base /home/konrad/Desktop/ROS2_Project/build/py_pubsub/build install --record /home/konrad/Desktop/ROS2_Project/build/py_pubsub/install.log --single-version-externally-managed
