[0.961s] Invoking command in '/home/konrad/Desktop/ROS2_Project/build/py_pubsub': PYTHONPATH=/home/konrad/Desktop/ROS2_Project/build/py_pubsub/prefix_override:/home/konrad/Desktop/ROS2_Project/install/py_pubsub/lib/python3.10/site-packages:${PYTHONPATH} /usr/bin/python3 setup.py develop --editable --build-directory /home/konrad/Desktop/ROS2_Project/build/py_pubsub/build --no-deps install_data
[1.347s] running develop
[1.347s] /home/konrad/.local/lib/python3.10/site-packages/setuptools/command/easy_install.py:144: EasyInstallDeprecationWarning: easy_install command is deprecated. Use build and pip and other standards-based tools.
[1.347s]   warnings.warn(
[1.371s] /home/konrad/.local/lib/python3.10/site-packages/setuptools/command/install.py:34: SetuptoolsDeprecationWarning: setup.py install is deprecated. Use build and pip and other standards-based tools.
[1.371s]   warnings.warn(
[1.506s] Traceback (most recent call last):
[1.506s]   File "/home/konrad/Desktop/ROS2_Project/build/py_pubsub/setup.py", line 5, in <module>
[1.507s]     setup(
[1.507s]   File "/home/konrad/.local/lib/python3.10/site-packages/setuptools/__init__.py", line 87, in setup
[1.507s]     return distutils.core.setup(**attrs)
[1.507s]   File "/home/konrad/.local/lib/python3.10/site-packages/setuptools/_distutils/core.py", line 185, in setup
[1.507s]     return run_commands(dist)
[1.507s]   File "/home/konrad/.local/lib/python3.10/site-packages/setuptools/_distutils/core.py", line 201, in run_commands
[1.507s]     dist.run_commands()
[1.507s]   File "/home/konrad/.local/lib/python3.10/site-packages/setuptools/_distutils/dist.py", line 969, in run_commands
[1.507s]     self.run_command(cmd)
[1.507s]   File "/home/konrad/.local/lib/python3.10/site-packages/setuptools/dist.py", line 1208, in run_command
[1.507s]     super().run_command(command)
[1.507s]   File "/home/konrad/.local/lib/python3.10/site-packages/setuptools/_distutils/dist.py", line 987, in run_command
[1.507s]     cmd_obj.ensure_finalized()
[1.508s]   File "/home/konrad/.local/lib/python3.10/site-packages/setuptools/_distutils/cmd.py", line 111, in ensure_finalized
[1.508s]     self.finalize_options()
[1.508s]   File "/home/konrad/.local/lib/python3.10/site-packages/setuptools/command/develop.py", line 52, in finalize_options
[1.508s]     easy_install.finalize_options(self)
[1.508s]   File "/home/konrad/.local/lib/python3.10/site-packages/setuptools/command/easy_install.py", line 311, in finalize_options
[1.508s]     self.local_index = Environment(self.shadow_path + sys.path)
[1.508s]   File "/home/konrad/.local/lib/python3.10/site-packages/pkg_resources/__init__.py", line 1044, in __init__
[1.508s]     self.scan(search_path)
[1.508s]   File "/home/konrad/.local/lib/python3.10/site-packages/pkg_resources/__init__.py", line 1077, in scan
[1.508s]     self.add(dist)
[1.508s]   File "/home/konrad/.local/lib/python3.10/site-packages/pkg_resources/__init__.py", line 1096, in add
[1.508s]     dists.sort(key=operator.attrgetter('hashcmp'), reverse=True)
[1.508s]   File "/home/konrad/.local/lib/python3.10/site-packages/pkg_resources/__init__.py", line 2631, in hashcmp
[1.509s]     self.parsed_version,
[1.509s]   File "/home/konrad/.local/lib/python3.10/site-packages/pkg_resources/__init__.py", line 2678, in parsed_version
[1.509s]     self._parsed_version = parse_version(self.version)
[1.509s]   File "/home/konrad/.local/lib/python3.10/site-packages/pkg_resources/_vendor/packaging/version.py", line 266, in __init__
[1.509s]     raise InvalidVersion(f"Invalid version: '{version}'")
[1.509s] pkg_resources.extern.packaging.version.InvalidVersion: Invalid version: '1.1build1'
[1.547s] Invoked command in '/home/konrad/Desktop/ROS2_Project/build/py_pubsub' returned '1': PYTHONPATH=/home/konrad/Desktop/ROS2_Project/build/py_pubsub/prefix_override:/home/konrad/Desktop/ROS2_Project/install/py_pubsub/lib/python3.10/site-packages:${PYTHONPATH} /usr/bin/python3 setup.py develop --editable --build-directory /home/konrad/Desktop/ROS2_Project/build/py_pubsub/build --no-deps install_data
